

--------------------------------- time: 1603195226 ---------------------------------
list videos for user: --GslpsZTeKUv5qu-iuEZw mail: achinoamj@herzog.ac.il

--------------------------------- time: 1603195226 ---------------------------------
list videos for user: -cSJPbf9QtmE6nyax2hKNQ mail: ykraus@herzog.ac.il
new video added. video id: 1 url: https://herzog-ac-il.zoom.us/rec/download/jB2FPEO6q43Dk4keglcax6fhLEIsCfVZ4rXyFt8kLmzAhpYBCaXUDqu3X6T3dIFAmHnc3v5dM251eHkA.vwQ3tQ9UpPxRH3tf
new video added. video id: 2 url: https://herzog-ac-il.zoom.us/rec/download/tkepthx8FsviY0fUs3TGOYvXps5E-op9SZOc0bjHxAWJ79QNEvHLc52pEGKLCh2aNNwl3Q9RXE3slWqs.X9sFZ1OT0PSIzMsD

--------------------------------- time: 1603195940 ---------------------------------
list videos for user: --GslpsZTeKUv5qu-iuEZw mail: achinoamj@herzog.ac.il

--------------------------------- time: 1603195941 ---------------------------------
list videos for user: -cSJPbf9QtmE6nyax2hKNQ mail: ykraus@herzog.ac.il
video is exsist already. video name: מפגש_פתיחה_לקורס_ykraus@herzog.ac.il_2020-10-19T10:15:39Z.mp4
video is exsist already. video name: מפגש_פתיחה_לקורס_ykraus@herzog.ac.il_2020-10-19T08:49:12Z.mp4
new video added. video id: 4 url: https://herzog-ac-il.zoom.us/rec/download/t3qKhI3ODWdmsVNQ3sh2BskuRHcTCSvyqDrkao5uYpnJ5ntlsW1pV0Z3NG4Ms5p28fsvj9SuyQR_9XEv.wqPkunfqFpi9EQEJ

--------------------------------- time: 1603260541 ---------------------------------
list videos for user: --GslpsZTeKUv5qu-iuEZw mail: achinoamj@herzog.ac.il

--------------------------------- time: 1603260542 ---------------------------------
list videos for user: -cSJPbf9QtmE6nyax2hKNQ mail: ykraus@herzog.ac.il
video is exsist already. video name: מפגש_פתיחה_לקורס_ykraus@herzog.ac.il_2020-10-19T10:15:39Z.mp4
video is exsist already. video name: מפגש_פתיחה_לקורס_ykraus@herzog.ac.il_2020-10-19T08:49:12Z.mp4
video is exsist already. video name: מפגש_פתיחה_לקורס_ykraus@herzog.ac.il_2020-10-19T08:48:30Z.mp4
new video added. video id: 6 url: https://herzog-ac-il.zoom.us/rec/download/8qV6jHVeFhEsE9sT8-Wr35BXv9sMDgdZshl9ydDymwVff3BCg7IediDrtYe0X5ze2ckMzVqGn4TjmS_z.M35A3QaPLOacpDJh

--------------------------------- time: 1603261587 ---------------------------------

--------------------------------- time: 1603261623 ---------------------------------
list videos for user: --GslpsZTeKUv5qu-iuEZw mail: achinoamj@herzog.ac.il

--------------------------------- time: 1603261623 ---------------------------------
list videos for user: -cSJPbf9QtmE6nyax2hKNQ mail: ykraus@herzog.ac.il
video is exsist already. video name: מפגש_פתיחה_לקורס_ykraus@herzog.ac.il_2020-10-19T10:15:39Z.mp4
video is exsist already. video name: מפגש_פתיחה_לקורס_ykraus@herzog.ac.il_2020-10-19T08:49:12Z.mp4
video is exsist already. video name: מפגש_פתיחה_לקורס_ykraus@herzog.ac.il_2020-10-19T08:48:30Z.mp4
video is exsist already. video name: y_kraus'_Zoom_Meeting_ykraus@herzog.ac.il_2020-10-15T19:03:28Z.mp4

--------------------------------- time: 1603261655 ---------------------------------

--------------------------------- time: 1603343621 ---------------------------------
list videos for user: --GslpsZTeKUv5qu-iuEZw mail: achinoamj@herzog.ac.il

--------------------------------- time: 1603343622 ---------------------------------
list videos for user: -cSJPbf9QtmE6nyax2hKNQ mail: ykraus@herzog.ac.il
video is exsist already. video name: מפגש_פתיחה_לקורס_ykraus@herzog.ac.il_2020-10-19T10:15:39Z.mp4
video is exsist already. video name: מפגש_פתיחה_לקורס_ykraus@herzog.ac.il_2020-10-19T08:49:12Z.mp4
video is exsist already. video name: מפגש_פתיחה_לקורס_ykraus@herzog.ac.il_2020-10-19T08:48:30Z.mp4

--------------------------------- time: 1603343623 ---------------------------------
list videos for user: -GLh-Kv3TYChk4vzzXMq1A mail: kahansh@herzog.ac.il

--------------------------------- time: 1603343625 ---------------------------------
list videos for user: -nuEteNURPCXTYm_H7CYTw mail: racheli@herzog.ac.il

--------------------------------- time: 1603343626 ---------------------------------
list videos for user: -VzFIECfS_KUdvZjKaeEyQ mail: tamirgranot@herzog.ac.il

--------------------------------- time: 1603343627 ---------------------------------
list videos for user: -XerawEaSEeXs8jndDeoNw mail: tehilaba@herzog.ac.il

--------------------------------- time: 1603343777 ---------------------------------
list videos for user: --GslpsZTeKUv5qu-iuEZw mail: achinoamj@herzog.ac.il

--------------------------------- time: 1603343778 ---------------------------------
list videos for user: -cSJPbf9QtmE6nyax2hKNQ mail: ykraus@herzog.ac.il

--------------------------------- time: 1603343781 ---------------------------------
list videos for user: -GLh-Kv3TYChk4vzzXMq1A mail: kahansh@herzog.ac.il

--------------------------------- time: 1603343782 ---------------------------------
list videos for user: -nuEteNURPCXTYm_H7CYTw mail: racheli@herzog.ac.il

--------------------------------- time: 1603343783 ---------------------------------
list videos for user: -VzFIECfS_KUdvZjKaeEyQ mail: tamirgranot@herzog.ac.il

--------------------------------- time: 1603343784 ---------------------------------
list videos for user: -XerawEaSEeXs8jndDeoNw mail: tehilaba@herzog.ac.il

--------------------------------- time: 1603343785 ---------------------------------
list videos for user: -xYldY8HTZq8snsHDn0ncQ mail: tzachico@herzog.ac.il

--------------------------------- time: 1603343786 ---------------------------------
list videos for user: -Yx-s9GhQj2dPs6te3mh0w mail: tomerd@herzog.ac.il

--------------------------------- time: 1603343787 ---------------------------------
list videos for user: 0AFI-E64Q-iMtDUXWyo2GA mail: amiramdo@herzog.ac.il

--------------------------------- time: 1603343788 ---------------------------------
list videos for user: 0Bxn4oJTTPGwAdWMBRqrvw mail: namamit6@herzog.ac.il

--------------------------------- time: 1603343789 ---------------------------------
list videos for user: 0Jwz_4VLQeSRhg4ZbO689g mail: dev@herzog.ac.il

--------------------------------- time: 1603343790 ---------------------------------
list videos for user: 0kj9lkb3RUil_KX-_QmPng mail: naama_pesia_tal@herzog.ac.il

--------------------------------- time: 1603343791 ---------------------------------
list videos for user: 0uaN7B6HRkCQbtj6GQFfbg mail: niritdu@herzog.ac.il

--------------------------------- time: 1603343793 ---------------------------------
list videos for user: 0wJN_ZF4RxmoOHeaNn6h_Q mail: avico@herzog.ac.il

--------------------------------- time: 1603343794 ---------------------------------
list videos for user: 17UYjGaNSH2LuEcaKlohZQ mail: courseslimudih9@herzog.ac.il

--------------------------------- time: 1603343795 ---------------------------------
list videos for user: 1czG7GSDS26W7SbgEoqb6w mail: judaicdramatherapy@herzog.ac.il

--------------------------------- time: 1603343796 ---------------------------------
list videos for user: 1H_cF_WuSmSyWxCzvqwyig mail: iritfr@herzog.ac.il

--------------------------------- time: 1603343797 ---------------------------------
list videos for user: 1ohlvTimTsG_pnxtqPW-yQ mail: grosst@herzog.ac.il

--------------------------------- time: 1603343798 ---------------------------------
list videos for user: 1Xopn7q8S4m5HoQKx_poBQ mail: hanicohen12@herzog.ac.il

--------------------------------- time: 1603343799 ---------------------------------
list videos for user: 1YAoFYATSlCZj6wGOVngpg mail: jutkowitz@herzog.ac.il

--------------------------------- time: 1603343801 ---------------------------------
list videos for user: 1YFrBlVmQs-PSKJB2ZpsVg mail: danieltu@herzog.ac.il

--------------------------------- time: 1603343802 ---------------------------------
list videos for user: 2JkwscFKSc-dx3-rHjaDfQ mail: gaiha@herzog.ac.il

--------------------------------- time: 1603343803 ---------------------------------
list videos for user: 2XQhP5f6T1uUV7Ul_9rgCg mail: efraim10@herzog.ac.il

--------------------------------- time: 1603343804 ---------------------------------
list videos for user: 2ZYuopjpSVKm9-muKaLM2g mail: levran@herzog.ac.il

--------------------------------- time: 1603343805 ---------------------------------
list videos for user: 3AikwzKWRg6PV3WttQPhxA mail: mshezifi@herzog.ac.il

--------------------------------- time: 1603343806 ---------------------------------
list videos for user: 3cHUyv3aQGqQnJv944stpw mail: ohadbd@herzog.ac.il

--------------------------------- time: 1603343807 ---------------------------------
list videos for user: 3h3Gp--4QQKwUscGkrlGYA mail: giladla@herzog.ac.il

--------------------------------- time: 1603343808 ---------------------------------
list videos for user: 3sTvYXHiSHyuRvCgc5uTrw mail: oferachel@herzog.ac.il

--------------------------------- time: 1603343809 ---------------------------------
list videos for user: 3YYJH6xkSYmHnnQCfWaN0g mail: keneshemed@gmail.com

--------------------------------- time: 1603343810 ---------------------------------
list videos for user: 3_HXC5IdTGeRsBcYbvRcTg mail: stelas@herzog.ac.il

--------------------------------- time: 1603343811 ---------------------------------
list videos for user: 4E1V-kKIRC6q_8711G5Cdg mail: tdanziger@herzog.ac.il

--------------------------------- time: 1603343812 ---------------------------------
list videos for user: 4gj9ja5rT62SQQWHxqoODw mail: liork@herzog.ac.il

--------------------------------- time: 1603343813 ---------------------------------
list videos for user: 4H2mgw4QRziCCv7MBnZz0A mail: tamik@herzog.ac.il

--------------------------------- time: 1603343814 ---------------------------------
list videos for user: 4i5BtuBmQym-aOdvEug9Xw mail: shakedh24@herzog.ac.il

--------------------------------- time: 1603343816 ---------------------------------
list videos for user: 4id29mzMR7e9BibFWYI-9g mail: irisrabinowitz@herzog.ac.il

--------------------------------- time: 1603343817 ---------------------------------
list videos for user: 4jG_xr-kRrWruTHm3Vd3Xg mail: dharbater@herzog.ac.il

--------------------------------- time: 1603343818 ---------------------------------
list videos for user: 4jSpqID6RM2zxexgkjvQGg mail: yonatanhorowitz@herzog.ac.il

--------------------------------- time: 1603343818 ---------------------------------
list videos for user: 4pwLui3-Ra22YjWtYGesDA mail: itamarb@herzog.ac.il

--------------------------------- time: 1603343819 ---------------------------------
list videos for user: 4rTQtxNoTeOYNJylPYUAlA mail: shirw@herzog.ac.il

--------------------------------- time: 1603343820 ---------------------------------
list videos for user: 4X4eDd6QQU2nhBBLjoqMzw mail: courseslimudih4@herzog.ac.il

--------------------------------- time: 1603343821 ---------------------------------
list videos for user: 4XHFjrASR2yru8nF8a4NsQ mail: givonsara@herzog.ac.il

--------------------------------- time: 1603343822 ---------------------------------
list videos for user: 4xKMDZDISzC54_vpeJ1xxg mail: yonits@herzog.ac.il
new video added. video id: 10 url: https://herzog-ac-il.zoom.us/rec/download/5XhhE4BtHj9s4s5cV1e8LioOS-jPrpSd1eMzFtiWLL01IiSkACui_rUwwwafAvFUzlzmJfNH2QBTNViS.kEl6jDTKXeNqY3V3

--------------------------------- time: 1603343829 ---------------------------------
list videos for user: 4_gtUqlrRhm3pEBJoS8Nxg mail: laflafm@herzog.ac.il

--------------------------------- time: 1603343830 ---------------------------------
list videos for user: 58HCXne3Q4iVLRKVOKTocw mail: yeshurunfi@herzog.ac.il

--------------------------------- time: 1603343832 ---------------------------------
list videos for user: 5Ebr-X0nQtOuTjqxji71LA mail: amiramelba@herzog.ac.il

--------------------------------- time: 1603343834 ---------------------------------
list videos for user: 5JaYtzlbSNW2OO4KiSLmOg mail: brusamet@herzog.ac.il

--------------------------------- time: 1603343835 ---------------------------------
list videos for user: 5WkH2r6RQtyK8_kRhNVDcQ mail: galid@herzog.ac.il

--------------------------------- time: 1603343836 ---------------------------------
list videos for user: 5ZmaFtSaRwmYJiHePJdpuA mail: oshrat_zaviv@herzog.ac.il

--------------------------------- time: 1603343837 ---------------------------------
list videos for user: 6ayNRXwXR1OYh_Zrh2pXiw mail: esterc_cohen@herzog.ac.il

--------------------------------- time: 1603343838 ---------------------------------
list videos for user: 6d7HANdFTAGF5z33kbOyvA mail: adamtsachi@herzog.ac.il

--------------------------------- time: 1603343839 ---------------------------------
list videos for user: 6DyCZ8iXQ1-vTGeyMSx27Q mail: yonih@herzog.ac.il

--------------------------------- time: 1603343845 ---------------------------------
list videos for user: 6GJ1U1FoQq6oVyEJGcn0Sg mail: cheftziu@herzog.ac.il

--------------------------------- time: 1603343846 ---------------------------------
list videos for user: 6pKDDsnSSQOuEJgd8nhnxg mail: roeev@herzog.ac.il

--------------------------------- time: 1603343849 ---------------------------------
list videos for user: 6yIbz6ZTSzCtZmAF9Dc6Qw mail: nuritpr@herzog.ac.il

--------------------------------- time: 1603343850 ---------------------------------
list videos for user: 6z99IKrCRe6HQsUJK1qczw mail: ayeletth@herzog.ac.il

--------------------------------- time: 1603343851 ---------------------------------
list videos for user: 74LmvrxwRlO-f1Y3kvAiTQ mail: kitagdola@herzog.ac.il

--------------------------------- time: 1603343852 ---------------------------------
list videos for user: 7GXm9nnzRoSCOvqO8dzzqA mail: tamaramishav@herzog.ac.il

--------------------------------- time: 1603343853 ---------------------------------
list videos for user: 7IbBcaLsRGKYxdaXBRXREw mail: fanyap@herzog.ac.il

--------------------------------- time: 1603343853 ---------------------------------
list videos for user: 7SnmfRXcQESQAfZFuCcyzA mail: sabaghad@herzog.ac.il

--------------------------------- time: 1603343854 ---------------------------------
list videos for user: 89rTwtgbRfywbG6xsD16fg mail: uzibinenfeld@herzog.ac.il

--------------------------------- time: 1603343855 ---------------------------------
list videos for user: 8GYjFfdyT7isBiCXP9o5rg mail: maozleshem@herzog.ac.il

--------------------------------- time: 1603343856 ---------------------------------
list videos for user: 8hRpZPV2T3mkdSiGMBQrPw mail: daniel_reiser@herzog.ac.il

--------------------------------- time: 1603343857 ---------------------------------
list videos for user: 8kz6y2qnSDmkzpiIHh0lww mail: olispok@herzog.ac.il

--------------------------------- time: 1603343858 ---------------------------------
list videos for user: 8M9FHn1PRka1psBVEyIj1w mail: chassida@herzog.ac.il

--------------------------------- time: 1603343859 ---------------------------------
list videos for user: 9De8nCTzRHWqKi09Z-NJ2w mail: molydaf@herzog.ac.il

--------------------------------- time: 1603343860 ---------------------------------
list videos for user: 9dgAGAy5RA-cfiErEVystw mail: ulpanim1@herzog.ac.il

--------------------------------- time: 1603343861 ---------------------------------
list videos for user: 9D_HQjtqQ7-Ig7i-4NaJ3Q mail: shlomoy@herzog.ac.il

--------------------------------- time: 1603343862 ---------------------------------
list videos for user: 9G9tI0XMQxWcexry5zNzgA mail: estherdvor@gmail.com

--------------------------------- time: 1603343862 ---------------------------------
list videos for user: 9N5LV9SoQ9iMJuzOUAOgwQ mail: brachi@herzog.ac.il

--------------------------------- time: 1603343863 ---------------------------------
list videos for user: 9qRGeEhiRnCDV4wAdrD2QA mail: courseslimudih6@herzog.ac.il

--------------------------------- time: 1603343864 ---------------------------------
list videos for user: 9TjXhzgtTKGW29tB7yKObw mail: saritc@herzog.ac.il

--------------------------------- time: 1603343865 ---------------------------------
list videos for user: 9vy5uDG9S3GHp8Eq-KVXPg mail: sarits@herzog.ac.il

--------------------------------- time: 1603343866 ---------------------------------
list videos for user: 9yimqmK7RIqlkkycFYVWmA mail: tchiyaherman@herzog.ac.il

--------------------------------- time: 1603343867 ---------------------------------
list videos for user: A0Ux9KxFQrCLBAD4ASteSg mail: mbrenig@herzog.ac.il

--------------------------------- time: 1603343868 ---------------------------------
list videos for user: a6Gm2Vd1Su2EC4aiq0LwEw mail: y-leiter@herzog.ac.il

--------------------------------- time: 1603343868 ---------------------------------
list videos for user: a8gbZLf2SOysDXureq_TpA mail: shoshipalmor@herzog.ac.il

--------------------------------- time: 1603343869 ---------------------------------
list videos for user: AaaoSwlpQcqwB3Lps6N_AQ mail: einat_stein@herzog.ac.il

--------------------------------- time: 1603343870 ---------------------------------
list videos for user: AGBK9gR4Qriu_l54z6o8sw mail: naamagolan1@herzog.ac.il

--------------------------------- time: 1603343871 ---------------------------------
list videos for user: AgHlsmy7TJCvQ3mKMW-CJw mail: hmisgav@herzog.ac.il

--------------------------------- time: 1603343872 ---------------------------------
list videos for user: Aq76BVE-RQOSljpznbP39A mail: herzelbg@herzog.ac.il

--------------------------------- time: 1603343873 ---------------------------------
list videos for user: aqCdvhQxT7WrWPEYmxwGKw mail: courseslimudih1@herzog.ac.il
new video added. video id: 11 url: https://herzog-ac-il.zoom.us/rec/download/uG-I-1lH0F8YfeeF7sEvdQK5JIMb2PMy4wia2r5YWkekuwJGJbf34r3_kK2GTzBG5qEjWdcllzVa_8wq.YFDcoa7yqIN-QftG

--------------------------------- time: 1603343876 ---------------------------------
list videos for user: awFTbRKbSBePcfUJcAypaQ mail: ezrak@herzog.ac.il

--------------------------------- time: 1603343877 ---------------------------------
list videos for user: AwrAs49pRZOmlb3FAuUEOw mail: eilonsh@herzog.ac.il

--------------------------------- time: 1603343878 ---------------------------------
list videos for user: awTMYV1-RamZREsMFz1Mbg mail: avivap@herzog.ac.il

--------------------------------- time: 1603343879 ---------------------------------
list videos for user: axi4HLFKTFWK8Ie2SzUidw mail: mevoy1@herzog.ac.il

--------------------------------- time: 1603343880 ---------------------------------
list videos for user: AXxyUExeSaGnSR87nKpPlw mail: yemimah@herzog.ac.il

--------------------------------- time: 1603343881 ---------------------------------
list videos for user: b2HazL3yQVCUQKfoKQoxPw mail: oshratza@herzog.ac.il

--------------------------------- time: 1603343882 ---------------------------------
list videos for user: b3AD25CCTk6oy_Z7IKNoKQ mail: ereztr@herzog.ac.il

--------------------------------- time: 1603343883 ---------------------------------
list videos for user: B7JJj6o2Sq6U3m0DGKXksQ mail: bruryaben@herzog.ac.il

--------------------------------- time: 1603343884 ---------------------------------
list videos for user: b9rnqcHaRJafvWRe_rrYFw mail: aasael8@herzog.ac.il

--------------------------------- time: 1603343885 ---------------------------------
list videos for user: bbmIdABBSn6qhcq82gP2Gw mail: denal@herzog.ac.il

--------------------------------- time: 1603343886 ---------------------------------
list videos for user: beo3tM9RR2yK1BHtDLMMyw mail: raaya_alon@herzog.ac.il

--------------------------------- time: 1603343888 ---------------------------------
list videos for user: BgUGfSWJR1iCX2RhWT0jPg mail: batelrivkin@herzog.ac.il

--------------------------------- time: 1603343888 ---------------------------------
list videos for user: bJhfhKU-SAmHhs9GXb0v0Q mail: levrantz@gmail.com

--------------------------------- time: 1603343890 ---------------------------------
list videos for user: BjlQaVfuSoOAqKdosAzy5A mail: moriacoh@herzog.ac.il

--------------------------------- time: 1603343892 ---------------------------------
list videos for user: Bn7Lg5yTRwiw-wBRoGvAyw mail: lison2em@herzog.ac.il

--------------------------------- time: 1603343895 ---------------------------------
list videos for user: bPh5qc2aRtG-uuGezeMNgA mail: hanariklin@herzog.ac.il

--------------------------------- time: 1603343896 ---------------------------------
list videos for user: brv6FTYTRQm8sOqTfQ8_Qw mail: shmuelwygoda@herzog.ac.il

--------------------------------- time: 1603343897 ---------------------------------
list videos for user: btBQO6u4TCSEEiNPLB16RA mail: tehilap@herzog.ac.il

--------------------------------- time: 1603343898 ---------------------------------
list videos for user: BXYJXwA-T9-xhGW6GCKXeQ mail: yaelw@herzog.ac.il

--------------------------------- time: 1603344199 ---------------------------------
list videos for user: --GslpsZTeKUv5qu-iuEZw mail: achinoamj@herzog.ac.il

--------------------------------- time: 1603344200 ---------------------------------
list videos for user: -cSJPbf9QtmE6nyax2hKNQ mail: ykraus@herzog.ac.il

--------------------------------- time: 1603344201 ---------------------------------
list videos for user: -GLh-Kv3TYChk4vzzXMq1A mail: kahansh@herzog.ac.il

--------------------------------- time: 1603344202 ---------------------------------
list videos for user: -nuEteNURPCXTYm_H7CYTw mail: racheli@herzog.ac.il

--------------------------------- time: 1603344203 ---------------------------------
list videos for user: -VzFIECfS_KUdvZjKaeEyQ mail: tamirgranot@herzog.ac.il

--------------------------------- time: 1603344205 ---------------------------------
list videos for user: -XerawEaSEeXs8jndDeoNw mail: tehilaba@herzog.ac.il

--------------------------------- time: 1603344206 ---------------------------------
list videos for user: -xYldY8HTZq8snsHDn0ncQ mail: tzachico@herzog.ac.il

--------------------------------- time: 1603344207 ---------------------------------

--------------------------------- time: 1603344235 ---------------------------------
list videos for user: --GslpsZTeKUv5qu-iuEZw mail: achinoamj@herzog.ac.il

--------------------------------- time: 1603344236 ---------------------------------
list videos for user: -cSJPbf9QtmE6nyax2hKNQ mail: ykraus@herzog.ac.il
video is exsist already. video name: מפגש_פתיחה_לקורס_ykraus@herzog.ac.il_2020-10-19T10:15:39Z.mp4
video is exsist already. video name: מפגש_פתיחה_לקורס_ykraus@herzog.ac.il_2020-10-19T08:49:12Z.mp4
video is exsist already. video name: מפגש_פתיחה_לקורס_ykraus@herzog.ac.il_2020-10-19T08:48:30Z.mp4

--------------------------------- time: 1603344237 ---------------------------------
list videos for user: -GLh-Kv3TYChk4vzzXMq1A mail: kahansh@herzog.ac.il

--------------------------------- time: 1603344238 ---------------------------------
list videos for user: -nuEteNURPCXTYm_H7CYTw mail: racheli@herzog.ac.il

--------------------------------- time: 1603344239 ---------------------------------
list videos for user: -VzFIECfS_KUdvZjKaeEyQ mail: tamirgranot@herzog.ac.il

--------------------------------- time: 1603344240 ---------------------------------
list videos for user: -XerawEaSEeXs8jndDeoNw mail: tehilaba@herzog.ac.il

--------------------------------- time: 1603344415 ---------------------------------
list videos for user: --GslpsZTeKUv5qu-iuEZw mail: achinoamj@herzog.ac.il

--------------------------------- time: 1603344417 ---------------------------------
list videos for user: -cSJPbf9QtmE6nyax2hKNQ mail: ykraus@herzog.ac.il
video is exsist already. video name: מפגש_פתיחה_לקורס_ykraus@herzog.ac.il_2020-10-19T10:15:39Z.mp4
video is exsist already. video name: מפגש_פתיחה_לקורס_ykraus@herzog.ac.il_2020-10-19T08:49:12Z.mp4
video is exsist already. video name: מפגש_פתיחה_לקורס_ykraus@herzog.ac.il_2020-10-19T08:48:30Z.mp4

--------------------------------- time: 1603344418 ---------------------------------
list videos for user: -GLh-Kv3TYChk4vzzXMq1A mail: kahansh@herzog.ac.il

--------------------------------- time: 1603344419 ---------------------------------
list videos for user: -nuEteNURPCXTYm_H7CYTw mail: racheli@herzog.ac.il

--------------------------------- time: 1603344420 ---------------------------------
list videos for user: -VzFIECfS_KUdvZjKaeEyQ mail: tamirgranot@herzog.ac.il

--------------------------------- time: 1603344421 ---------------------------------
list videos for user: -XerawEaSEeXs8jndDeoNw mail: tehilaba@herzog.ac.il